<?xml version="1.0" encoding="UTF-8"?>
<!-- Generated by org.testng.reporters.JUnitReportReporter -->
<testsuite ignored="0" hostname="DESKTOP-H77RRL7" failures="0" tests="1" name="com.personalgroupskills.testcases.LoginTest" time="11.480" errors="0" timestamp="16 Apr 2021 20:51:52 GMT" skipped="0">
  <testcase classname="com.personalgroupskills.testcases.LoginTest" name="loginApp" time="11.480"/>
</testsuite> <!-- com.personalgroupskills.testcases.LoginTest -->
